<?xml version="1.0" encoding="UTF-8"?>
<testsuite xmlns:xsi="http://www.w3.org/2001/XMLSchema-instance" xsi:noNamespaceSchemaLocation="https://maven.apache.org/surefire/maven-surefire-plugin/xsd/surefire-test-report.xsd" name="ThreeCardLogicTest" time="0.04" tests="28" errors="0" skipped="0" failures="0">
  <properties>
[...]
</properties>
  <testcase name="testCompareHands_Tie" classname="ThreeCardLogicTest" time="0.02"/>
  <testcase name="testDealerQualifies_WithKingHigh" classname="ThreeCardLogicTest" time="0"/>
  <testcase name="testDealerQualifies_WithQueenHigh" classname="ThreeCardLogicTest" time="0.002"/>
  <testcase name="testCompareHands_PlayerWinsWithBetterHand" classname="ThreeCardLogicTest" time="0"/>
  <testcase name="testEvalHand_HighCard" classname="ThreeCardLogicTest" time="0"/>
  <testcase name="testEvalHand_StraightFlush" classname="ThreeCardLogicTest" time="0.002"/>
  <testcase name="testDealerQualifies_WithTenHigh" classname="ThreeCardLogicTest" time="0"/>
  <testcase name="testDealerQualifies_WithAceHigh" classname="ThreeCardLogicTest" time="0"/>
  <testcase name="testEvalPPWinnings_Flush" classname="ThreeCardLogicTest" time="0"/>
  <testcase name="testEvalPPWinnings_ThreeOfAKind" classname="ThreeCardLogicTest" time="0"/>
  <testcase name="testEvalPPWinnings_ZeroBet" classname="ThreeCardLogicTest" time="0"/>
  <testcase name="testEvalHand_Pair" classname="ThreeCardLogicTest" time="0"/>
  <testcase name="testDealerQualifies_WithStraight" classname="ThreeCardLogicTest" time="0"/>
  <testcase name="testEvalHand_InvalidHandSize" classname="ThreeCardLogicTest" time="0.005"/>
  <testcase name="testCompareHands_DealerWinsWithBetterHand" classname="ThreeCardLogicTest" time="0"/>
  <testcase name="testCompareHands_PairVsHighCard" classname="ThreeCardLogicTest" time="0"/>
  <testcase name="testEvalPPWinnings_Straight" classname="ThreeCardLogicTest" time="0"/>
  <testcase name="testEvalPPWinnings_StraightFlush" classname="ThreeCardLogicTest" time="0"/>
  <testcase name="testEvalHand_AceLowStraight" classname="ThreeCardLogicTest" time="0"/>
  <testcase name="testEvalHand_Flush" classname="ThreeCardLogicTest" time="0"/>
  <testcase name="testCompareHands_SameHandRankPlayerWinsWithHigherCards" classname="ThreeCardLogicTest" time="0"/>
  <testcase name="testDealerQualifies_WithFlush" classname="ThreeCardLogicTest" time="0.006"/>
  <testcase name="testEvalPPWinnings_Pair" classname="ThreeCardLogicTest" time="0"/>
  <testcase name="testDealerQualifies_WithJackHigh" classname="ThreeCardLogicTest" time="0"/>
  <testcase name="testEvalHand_ThreeOfAKind" classname="ThreeCardLogicTest" time="0.002"/>
  <testcase name="testEvalHand_Straight" classname="ThreeCardLogicTest" time="0"/>
  <testcase name="testEvalPPWinnings_HighCard" classname="ThreeCardLogicTest" time="0"/>
  <testcase name="testDealerQualifies_WithPair" classname="ThreeCardLogicTest" time="0"/>
</testsuite>